<?xml version="1.0" encoding="UTF-8"?>
<!-- Generated by org.testng.reporters.JUnitReportReporter -->
<testsuite hostname="MSI" failures="0" tests="1" name="RequestBody.HandlingPayloads" time="1.865" errors="0" timestamp="2023-07-05T11:43:11 IST" skipped="0">
  <testcase classname="RequestBody.HandlingPayloads" name="postusingExternalJsonFile" time="1.865"/>
</testsuite> <!-- RequestBody.HandlingPayloads -->
